

############################
Thu Feb 21 08:49:39 CET 2019
/home/chris/Documents/MRI_ANALYSIS/NHP-Freesurfer/Notebooks
/media/DATA1/NHP_MRI/freesurfer/tktools/tksurfer.bin Danny lh inflated 
############################


############################
Thu Feb 21 08:50:44 CET 2019
/home/chris/Documents/MRI_ANALYSIS/NHP-Freesurfer/Notebooks
/media/DATA1/NHP_MRI/freesurfer/tktools/tksurfer.bin Danny rh inflated 
############################


############################
Thu Feb 21 08:52:13 CET 2019
/home/chris/Documents/MRI_ANALYSIS/NHP-Freesurfer/Notebooks
/media/DATA1/NHP_MRI/freesurfer/tktools/tksurfer.bin Danny lh inflated 
############################


############################
Thu Feb 21 08:57:50 CET 2019
/home/chris/Documents/MRI_ANALYSIS/NHP-Freesurfer/Notebooks
/media/DATA1/NHP_MRI/freesurfer/tktools/tksurfer.bin Danny lh inflated 
############################
